<?xml version="1.0" encoding="UTF-8"?>
<!-- Generated by org.testng.reporters.JUnitReportReporter -->
<testsuite hostname="DESKTOP-QAEN2NF" failures="0" tests="5" name="testNG.class_001" time="0.038" errors="0" timestamp="2024-06-16T16:09:33 IST" skipped="0">
  <testcase classname="testNG.class_001" name="b" time="0.006"/>
  <system-out/>
  <testcase classname="testNG.class_001" name="f" time="0.005"/>
  <system-out/>
  <testcase classname="testNG.class_001" name="x" time="0.002"/>
  <system-out/>
  <testcase classname="testNG.class_001" name="a" time="0.022"/>
  <system-out/>
  <testcase classname="testNG.class_001" name="c" time="0.003"/>
  <system-out/>
</testsuite> <!-- testNG.class_001 -->
